1 090-1234-0005
2 C1 090-1234-0002
2 C1 090-1234-0003
5 2004/06/04 03:34 003 090-1234-0002
5 2004/06/04 13:50 010 090-1234-9999
9 *************************
1 090-1234-0002
2 C1 090-1234-0001
2 C1 090-1234-0003
2 E1
5 2004/06/05 17:50 010 090-1234-9999
5 2004/06/06 12:34 007 090-1234-0003
9 *************************
1 090-1234-7777
5 2004/06/06 13:50 010 090-1234-9999
5 2004/06/13 13:50 010 090-1234-9999
5 2004/06/20 13:50 010 090-1234-9999
5 2004/06/27 13:50 010 090-1234-9999
9 *************************
1 090-1234-0005
2 C1 090-1234-0001
2 C1 090-1234-0003
2 E2
5 2004/06/05 23:50 010 090-1234-9999
5 2004/06/06 12:34 007 090-1234-0003
9 *************************